0 info it worked if it ends with ok
1 verbose cli [ '/usr/local/bin/node', '/usr/local/bin/npm', 'publish' ]
2 info using npm@3.9.2
3 info using node@v4.2.2
4 verbose publish [ '.' ]
5 silly cache add args [ '.', null ]
6 verbose cache add spec .
7 silly cache add parsed spec Result {
7 silly cache add   raw: '.',
7 silly cache add   scope: null,
7 silly cache add   name: null,
7 silly cache add   rawSpec: '.',
7 silly cache add   spec: '/Users/jhaubold/Documents/opensource/dynamodb-mutex',
7 silly cache add   type: 'directory' }
8 verbose addLocalDirectory /Users/jhaubold/.npm/dynamodb-mutex/1.3.1/package.tgz not in flight; packing
9 verbose correctMkdir /Users/jhaubold/.npm correctMkdir not in flight; initializing
10 info lifecycle dynamodb-mutex@1.3.1~prepublish: dynamodb-mutex@1.3.1
11 silly lifecycle dynamodb-mutex@1.3.1~prepublish: no script for prepublish, continuing
12 verbose tar pack [ '/Users/jhaubold/.npm/dynamodb-mutex/1.3.1/package.tgz',
12 verbose tar pack   '/Users/jhaubold/Documents/opensource/dynamodb-mutex' ]
13 verbose tarball /Users/jhaubold/.npm/dynamodb-mutex/1.3.1/package.tgz
14 verbose folder /Users/jhaubold/Documents/opensource/dynamodb-mutex
15 verbose addLocalTarball adding from inside cache /Users/jhaubold/.npm/dynamodb-mutex/1.3.1/package.tgz
16 verbose correctMkdir /Users/jhaubold/.npm correctMkdir not in flight; initializing
17 silly cache afterAdd dynamodb-mutex@1.3.1
18 verbose afterAdd /Users/jhaubold/.npm/dynamodb-mutex/1.3.1/package/package.json not in flight; writing
19 verbose correctMkdir /Users/jhaubold/.npm correctMkdir not in flight; initializing
20 verbose afterAdd /Users/jhaubold/.npm/dynamodb-mutex/1.3.1/package/package.json written
21 silly publish { name: 'dynamodb-mutex',
21 silly publish   version: '1.3.1',
21 silly publish   description: 'Mutex with DynamoDB',
21 silly publish   repository:
21 silly publish    { type: 'git',
21 silly publish      url: 'git+https://github.com/trek10inc/dynamodb-mutex.git' },
21 silly publish   keywords: [ 'mutex', 'dynamodb', 'node.js', 'node-mutex' ],
21 silly publish   main: 'index.js',
21 silly publish   scripts: { test: 'echo "Error: no test specified" && exit 1' },
21 silly publish   author:
21 silly publish    { name: 'Aka Kherkeladze',
21 silly publish      email: 'akaki.kherkeladze@gmail.com' },
21 silly publish   license: 'MIT',
21 silly publish   dependencies: { 'aws-sdk': '^2.3.16' },
21 silly publish   devDependencies: { chai: '^3.5.0', mocha: '^2.5.3' },
21 silly publish   readme: '# dynamodb-mutex\n\n## Installation : \n\n```\nnpm install dynamodb-mutex\n```\n\n\n## How to use\n```js\nconst mutex = require( \'dynamodb-mutex\' );\n\n\nlet config = {\n    region: \'REGION\',\n    accessKeyId: \'ACCESS_KEY_ID\',\n    accessKey: \'ACCESS_KEY\',\n    retryInterval: INTERVAL_TIME,\n    maxTries: 3,\n    tableName: \'TABLE_NAME\'\n};\n\nlet timeout = 2000;\n\n\nconst sampleMutex = new mutex(config);\n\n\nsampleMutex.lock(\'keyName\', timeout, (err, unlock) => {\n  if (err) {\n  \tconsole.log(\'Lock failed\')\n  } else {\n   // DO AWESOME STUFF HERE\n    unlock();\n  }\n});\n\n\n## License\n\nMIT\n',
21 silly publish   readmeFilename: 'README.md',
21 silly publish   gitHead: '22cb115be0fd026d9760920d5ab0f5e7f39a8eb1',
21 silly publish   bugs: { url: 'https://github.com/trek10inc/dynamodb-mutex/issues' },
21 silly publish   homepage: 'https://github.com/trek10inc/dynamodb-mutex#readme',
21 silly publish   _id: 'dynamodb-mutex@1.3.1',
21 silly publish   _shasum: 'd3f7cc1dfa6cec7533291cc02a7838d0f66f013a',
21 silly publish   _from: '.' }
22 verbose getPublishConfig undefined
23 silly mapToRegistry name dynamodb-mutex
24 silly mapToRegistry using default registry
25 silly mapToRegistry registry https://registry.npmjs.org/
26 silly mapToRegistry data Result {
26 silly mapToRegistry   raw: 'dynamodb-mutex',
26 silly mapToRegistry   scope: null,
26 silly mapToRegistry   name: 'dynamodb-mutex',
26 silly mapToRegistry   rawSpec: '',
26 silly mapToRegistry   spec: 'latest',
26 silly mapToRegistry   type: 'tag' }
27 silly mapToRegistry uri https://registry.npmjs.org/dynamodb-mutex
28 verbose publish registryBase https://registry.npmjs.org/
29 silly publish uploading /Users/jhaubold/.npm/dynamodb-mutex/1.3.1/package.tgz
30 verbose request uri https://registry.npmjs.org/dynamodb-mutex
31 verbose request sending authorization for write operation
32 info attempt registry request try #1 at 9:33:10 AM
33 verbose request using bearer token for auth
34 verbose request id bc3d75b4f7eb90c1
35 http request PUT https://registry.npmjs.org/dynamodb-mutex
36 http 403 https://registry.npmjs.org/dynamodb-mutex
37 verbose headers { 'content-type': 'application/json',
37 verbose headers   'cache-control': 'max-age=300',
37 verbose headers   'content-length': '108',
37 verbose headers   'accept-ranges': 'bytes',
37 verbose headers   date: 'Mon, 13 Jun 2016 13:33:05 GMT',
37 verbose headers   via: '1.1 varnish',
37 verbose headers   connection: 'keep-alive',
37 verbose headers   'x-served-by': 'cache-jfk1023-JFK',
37 verbose headers   'x-cache': 'MISS',
37 verbose headers   'x-cache-hits': '0',
37 verbose headers   'x-timer': 'S1465824785.065367,VS0,VE812',
37 verbose headers   vary: 'Accept-Encoding' }
38 verbose request invalidating /Users/jhaubold/.npm/registry.npmjs.org/dynamodb-mutex on PUT
39 error publish Failed PUT 403
40 verbose stack Error: you do not have permission to publish "dynamodb-mutex". Are you logged in as the correct user? : dynamodb-mutex
40 verbose stack     at makeError (/usr/local/lib/node_modules/npm/node_modules/npm-registry-client/lib/request.js:264:12)
40 verbose stack     at CachingRegistryClient.<anonymous> (/usr/local/lib/node_modules/npm/node_modules/npm-registry-client/lib/request.js:252:14)
40 verbose stack     at Request._callback (/usr/local/lib/node_modules/npm/node_modules/npm-registry-client/lib/request.js:172:14)
40 verbose stack     at Request.self.callback (/usr/local/lib/node_modules/npm/node_modules/request/request.js:200:22)
40 verbose stack     at emitTwo (events.js:87:13)
40 verbose stack     at Request.emit (events.js:172:7)
40 verbose stack     at Request.<anonymous> (/usr/local/lib/node_modules/npm/node_modules/request/request.js:1067:10)
40 verbose stack     at emitOne (events.js:82:20)
40 verbose stack     at Request.emit (events.js:169:7)
40 verbose stack     at IncomingMessage.<anonymous> (/usr/local/lib/node_modules/npm/node_modules/request/request.js:988:12)
41 verbose statusCode 403
42 verbose pkgid dynamodb-mutex
43 verbose cwd /Users/jhaubold/Documents/opensource/dynamodb-mutex
44 error Darwin 15.4.0
45 error argv "/usr/local/bin/node" "/usr/local/bin/npm" "publish"
46 error node v4.2.2
47 error npm  v3.9.2
48 error code E403
49 error you do not have permission to publish "dynamodb-mutex". Are you logged in as the correct user? : dynamodb-mutex
50 error If you need help, you may report this error at:
50 error     <https://github.com/npm/npm/issues>
51 verbose exit [ 1, true ]
